2023-03-21T00:47:40.026Z [my-bank-api] info: API started
2023-03-21T00:49:02.332Z [my-bank-api] info: API started
2023-03-21T00:51:07.385Z [my-bank-api] info: API started
2023-03-21T00:53:02.766Z [my-bank-api] info: API started
2023-03-21T00:53:32.493Z [my-bank-api] info: POST /account - {"id":1,"name":"Jailson","balance":100}
2023-03-21T00:53:41.933Z [my-bank-api] info: GET /account/:id
2023-03-21T00:53:46.561Z [my-bank-api] info: GET /account
2023-03-21T01:13:08.721Z [my-bank-api] info: API started
2023-03-21T01:13:23.430Z [my-bank-api] error: POST /account undefined
2023-03-21T01:14:33.092Z [my-bank-api] info: API started
2023-03-21T01:15:03.540Z [my-bank-api] info: POST /account - {"id":2,"name":"João","balance":100}
2023-03-21T01:16:18.084Z [my-bank-api] info: API started
2023-03-21T01:18:58.555Z [my-bank-api] info: API started
2023-03-21T01:19:11.784Z [my-bank-api] info: GET /account/:id
2023-03-21T01:19:33.365Z [my-bank-api] error: PUT /account undefined
2023-03-21T01:22:53.002Z [my-bank-api] info: API started
2023-03-21T01:23:52.793Z [my-bank-api] info: API started
2023-03-21T01:25:02.650Z [my-bank-api] info: API started
2023-03-21T01:25:28.212Z [my-bank-api] info: API started
2023-03-21T21:29:54.434Z [my-bank-api] info: API started
2023-03-21T21:30:58.925Z [my-bank-api] info: GET /account
2023-03-21T21:36:39.290Z [my-bank-api] info: API started
2023-03-21T22:03:13.543Z [my-bank-api] info: API started
2023-03-21T22:03:22.398Z [my-bank-api] info: API started
2023-03-21T22:03:31.616Z [my-bank-api] info: GET /account
2023-03-21T22:20:20.467Z [my-bank-api] info: API started
